[01m[K/home/olel/Projects/MagangBayu24-ROS2/tugas2/src/and_publisher/src/publisher1.cpp:[m[K In function â€˜[01m[Kint main(int, char**)[m[Kâ€™:
[01m[K/home/olel/Projects/MagangBayu24-ROS2/tugas2/src/and_publisher/src/publisher1.cpp:39:22:[m[K [01;31m[Kerror: [m[Kinvalid use of â€˜[01m[Kthis[m[Kâ€™ in non-member function
   39 |   long double bruh = [01;31m[Kthis[m[K->now().nanoseconds();
      |                      [01;31m[K^~~~[m[K
[01m[K/home/olel/Projects/MagangBayu24-ROS2/tugas2/src/and_publisher/src/publisher1.cpp:39:15:[m[K [01;35m[Kwarning: [m[Kunused variable â€˜[01m[Kbruh[m[Kâ€™ [[01;35m[K-Wunused-variable[m[K]
   39 |   long double [01;35m[Kbruh[m[K = this->now().nanoseconds();
      |               [01;35m[K^~~~[m[K
make[2]: *** [CMakeFiles/talker1.dir/build.make:63: CMakeFiles/talker1.dir/src/publisher1.cpp.o] Error 1
make[1]: *** [CMakeFiles/Makefile2:136: CMakeFiles/talker1.dir/all] Error 2
make: *** [Makefile:141: all] Error 2
