[01m[K/home/olel/Projects/MagangBayu24-ROS2/tugas2/src/and_publisher/src/publisher1.cpp:[m[K In member function â€˜[01m[Kvoid MinimalPublisher::timer_callback()[m[Kâ€™:
[01m[K/home/olel/Projects/MagangBayu24-ROS2/tugas2/src/and_publisher/src/publisher1.cpp:28:9:[m[K [01;31m[Kerror: [m[Kâ€˜[01m[Kcout_[m[Kâ€™ was not declared in this scope; did you mean â€˜[01m[Kcount_[m[Kâ€™?
   28 |     if(([01;31m[Kcout_[m[K*2)%4 == 0){message.data += "false";}
      |         [01;31m[K^~~~~[m[K
      |         [32m[Kcount_[m[K
make[2]: *** [CMakeFiles/talker1.dir/build.make:63: CMakeFiles/talker1.dir/src/publisher1.cpp.o] Error 1
make[1]: *** [CMakeFiles/Makefile2:136: CMakeFiles/talker1.dir/all] Error 2
make: *** [Makefile:141: all] Error 2
