[0.112s] Invoking command in '/home/olel/Projects/MagangBayu24-ROS2/tugas2/build/and_publisher': CMAKE_PREFIX_PATH=/opt/ros/foxy /usr/bin/cmake --build /home/olel/Projects/MagangBayu24-ROS2/tugas2/build/and_publisher -- -j16 -l16
[0.164s] [35m[1mScanning dependencies of target talker2[0m
[0.166s] [35m[1mScanning dependencies of target talker1[0m
[0.182s] [ 33%] Built target listener
[0.190s] [ 50%] [32mBuilding CXX object CMakeFiles/talker1.dir/src/publisher1.cpp.o[0m
[0.191s] [ 66%] [32mBuilding CXX object CMakeFiles/talker2.dir/src/publisher2.cpp.o[0m
[1.253s] [01m[K/home/olel/Projects/MagangBayu24-ROS2/tugas2/src/and_publisher/src/publisher2.cpp:[m[K In constructor â€˜[01m[KMinimalPublisher::MinimalPublisher()[m[Kâ€™:
[1.253s] [01m[K/home/olel/Projects/MagangBayu24-ROS2/tugas2/src/and_publisher/src/publisher2.cpp:30:51:[m[K [01;31m[Kerror: [m[Kinvalid use of â€˜[01m[Krclcpp::Time::Time[m[Kâ€™
[1.254s]    30 |   : Node("minimal_publisher"), count_(this->now().[01;31m[KTime[m[K)
[1.254s]       |                                                   [01;31m[K^~~~[m[K
[1.265s] [01m[K/home/olel/Projects/MagangBayu24-ROS2/tugas2/src/and_publisher/src/publisher1.cpp:[m[K In constructor â€˜[01m[KMinimalPublisher::MinimalPublisher()[m[Kâ€™:
[1.266s] [01m[K/home/olel/Projects/MagangBayu24-ROS2/tugas2/src/and_publisher/src/publisher1.cpp:16:51:[m[K [01;31m[Kerror: [m[Kinvalid use of â€˜[01m[Krclcpp::Time::Time[m[Kâ€™
[1.266s]    16 |   : Node("minimal_publisher"), count_(this->now().[01;31m[KTime[m[K)
[1.266s]       |                                                   [01;31m[K^~~~[m[K
[2.100s] make[2]: *** [CMakeFiles/talker2.dir/build.make:63: CMakeFiles/talker2.dir/src/publisher2.cpp.o] Error 1
[2.100s] make[1]: *** [CMakeFiles/Makefile2:109: CMakeFiles/talker2.dir/all] Error 2
[2.101s] make[1]: *** Waiting for unfinished jobs....
[2.120s] make[2]: *** [CMakeFiles/talker1.dir/build.make:63: CMakeFiles/talker1.dir/src/publisher1.cpp.o] Error 1
[2.120s] make[1]: *** [CMakeFiles/Makefile2:136: CMakeFiles/talker1.dir/all] Error 2
[2.120s] make: *** [Makefile:141: all] Error 2
[2.124s] Invoked command in '/home/olel/Projects/MagangBayu24-ROS2/tugas2/build/and_publisher' returned '2': CMAKE_PREFIX_PATH=/opt/ros/foxy /usr/bin/cmake --build /home/olel/Projects/MagangBayu24-ROS2/tugas2/build/and_publisher -- -j16 -l16
