[01m[K/home/olel/Projects/MagangBayu24-ROS2/tugas2/src/and_publisher/src/publisher1.cpp:[m[K In member function â€˜[01m[Kvoid MinimalPublisher::timer_callback()[m[Kâ€™:
[01m[K/home/olel/Projects/MagangBayu24-ROS2/tugas2/src/and_publisher/src/publisher1.cpp:28:5:[m[K [01;31m[Kerror: [m[Kâ€˜[01m[Kcount[m[Kâ€™ was not declared in this scope; did you mean â€˜[01m[Kstd::count[m[Kâ€™?
   28 |     [01;31m[Kcount[m[K+=2;
      |     [01;31m[K^~~~~[m[K
      |     [32m[Kstd::count[m[K
In file included from [01m[K/usr/include/c++/9/algorithm:62[m[K,
                 from [01m[K/opt/ros/foxy/include/rclcpp/executor.hpp:18[m[K,
                 from [01m[K/opt/ros/foxy/include/rclcpp/executors/multi_threaded_executor.hpp:26[m[K,
                 from [01m[K/opt/ros/foxy/include/rclcpp/executors.hpp:21[m[K,
                 from [01m[K/opt/ros/foxy/include/rclcpp/rclcpp.hpp:146[m[K,
                 from [01m[K/home/olel/Projects/MagangBayu24-ROS2/tugas2/src/and_publisher/src/publisher1.cpp:4[m[K:
[01m[K/usr/include/c++/9/bits/stl_algo.h:4113:5:[m[K [01;36m[Knote: [m[Kâ€˜[01m[Kstd::count[m[Kâ€™ declared here
 4113 |     [01;36m[Kcount[m[K(_InputIterator __first, _InputIterator __last, const _Tp& __value)
      |     [01;36m[K^~~~~[m[K
make[2]: *** [CMakeFiles/talker1.dir/build.make:63: CMakeFiles/talker1.dir/src/publisher1.cpp.o] Error 1
make[1]: *** [CMakeFiles/Makefile2:136: CMakeFiles/talker1.dir/all] Error 2
make: *** [Makefile:141: all] Error 2
